[00:05:54] [Server thread/INFO]: [0;31;22m[ClearLag] [0;31;1mWarning Ground items will be removed in [0;37;22m60 [0;31;1mseconds![m
[00:06:34] [Server thread/INFO]: [0;31;22m[ClearLag] [0;31;1mWarning Ground items will be removed in [0;37;22m20 [0;31;1mseconds![m
[00:06:54] [Server thread/INFO]: [0;33;22m[ClearLag] [0;32;1mRemoved 0 Entities![m
[00:13:34] [Server thread/INFO]: [0;31;22m[ClearLag] [0;31;1mWarning Ground items will be removed in [0;37;22m60 [0;31;1mseconds![m
[00:14:14] [Server thread/INFO]: [0;31;22m[ClearLag] [0;31;1mWarning Ground items will be removed in [0;37;22m20 [0;31;1mseconds![m
[00:14:34] [Server thread/INFO]: [0;33;22m[ClearLag] [0;32;1mRemoved 0 Entities![m
[00:21:14] [Server thread/INFO]: [0;31;22m[ClearLag] [0;31;1mWarning Ground items will be removed in [0;37;22m60 [0;31;1mseconds![m
[00:21:54] [Server thread/INFO]: [0;31;22m[ClearLag] [0;31;1mWarning Ground items will be removed in [0;37;22m20 [0;31;1mseconds![m
[00:22:14] [Server thread/INFO]: [0;33;22m[ClearLag] [0;32;1mRemoved 0 Entities![m
[00:28:54] [Server thread/INFO]: [0;31;22m[ClearLag] [0;31;1mWarning Ground items will be removed in [0;37;22m60 [0;31;1mseconds![m
[00:29:34] [Server thread/INFO]: [0;31;22m[ClearLag] [0;31;1mWarning Ground items will be removed in [0;37;22m20 [0;31;1mseconds![m
[00:29:54] [Server thread/INFO]: [0;33;22m[ClearLag] [0;32;1mRemoved 0 Entities![m
[00:36:34] [Server thread/INFO]: [0;31;22m[ClearLag] [0;31;1mWarning Ground items will be removed in [0;37;22m60 [0;31;1mseconds![m
[00:37:14] [Server thread/INFO]: [0;31;22m[ClearLag] [0;31;1mWarning Ground items will be removed in [0;37;22m20 [0;31;1mseconds![m
[00:37:34] [Server thread/INFO]: [0;33;22m[ClearLag] [0;32;1mRemoved 0 Entities![m
[00:44:14] [Server thread/INFO]: [0;31;22m[ClearLag] [0;31;1mWarning Ground items will be removed in [0;37;22m60 [0;31;1mseconds![m
[00:44:54] [Server thread/INFO]: [0;31;22m[ClearLag] [0;31;1mWarning Ground items will be removed in [0;37;22m20 [0;31;1mseconds![m
[00:45:14] [Server thread/INFO]: [0;33;22m[ClearLag] [0;32;1mRemoved 0 Entities![m
[00:51:54] [Server thread/INFO]: [0;31;22m[ClearLag] [0;31;1mWarning Ground items will be removed in [0;37;22m60 [0;31;1mseconds![m
[00:52:34] [Server thread/INFO]: [0;31;22m[ClearLag] [0;31;1mWarning Ground items will be removed in [0;37;22m20 [0;31;1mseconds![m
[00:52:54] [Server thread/INFO]: [0;33;22m[ClearLag] [0;32;1mRemoved 0 Entities![m
[00:59:34] [Server thread/INFO]: [0;31;22m[ClearLag] [0;31;1mWarning Ground items will be removed in [0;37;22m60 [0;31;1mseconds![m
[01:00:14] [Server thread/INFO]: [0;31;22m[ClearLag] [0;31;1mWarning Ground items will be removed in [0;37;22m20 [0;31;1mseconds![m
[01:00:34] [Server thread/INFO]: [0;33;22m[ClearLag] [0;32;1mRemoved 0 Entities![m
[01:07:14] [Server thread/INFO]: [0;31;22m[ClearLag] [0;31;1mWarning Ground items will be removed in [0;37;22m60 [0;31;1mseconds![m
[01:07:54] [Server thread/INFO]: [0;31;22m[ClearLag] [0;31;1mWarning Ground items will be removed in [0;37;22m20 [0;31;1mseconds![m
[01:08:14] [Server thread/INFO]: [0;33;22m[ClearLag] [0;32;1mRemoved 0 Entities![m
[01:14:54] [Server thread/INFO]: [0;31;22m[ClearLag] [0;31;1mWarning Ground items will be removed in [0;37;22m60 [0;31;1mseconds![m
[01:15:34] [Server thread/INFO]: [0;31;22m[ClearLag] [0;31;1mWarning Ground items will be removed in [0;37;22m20 [0;31;1mseconds![m
[01:15:54] [Server thread/INFO]: [0;33;22m[ClearLag] [0;32;1mRemoved 0 Entities![m
[01:22:34] [Server thread/INFO]: [0;31;22m[ClearLag] [0;31;1mWarning Ground items will be removed in [0;37;22m60 [0;31;1mseconds![m
[01:23:14] [Server thread/INFO]: [0;31;22m[ClearLag] [0;31;1mWarning Ground items will be removed in [0;37;22m20 [0;31;1mseconds![m
[01:23:14] [pool-3-thread-5/INFO]: [Vault] Checking for Updates ... 
[01:23:14] [pool-3-thread-5/INFO]: [Vault] No new version available
[01:23:34] [Server thread/INFO]: [0;33;22m[ClearLag] [0;32;1mRemoved 0 Entities![m
[01:30:14] [Server thread/INFO]: [0;31;22m[ClearLag] [0;31;1mWarning Ground items will be removed in [0;37;22m60 [0;31;1mseconds![m
[01:30:54] [Server thread/INFO]: [0;31;22m[ClearLag] [0;31;1mWarning Ground items will be removed in [0;37;22m20 [0;31;1mseconds![m
[01:31:14] [Server thread/INFO]: [0;33;22m[ClearLag] [0;32;1mRemoved 0 Entities![m
[01:37:54] [Server thread/INFO]: [0;31;22m[ClearLag] [0;31;1mWarning Ground items will be removed in [0;37;22m60 [0;31;1mseconds![m
[01:38:34] [Server thread/INFO]: [0;31;22m[ClearLag] [0;31;1mWarning Ground items will be removed in [0;37;22m20 [0;31;1mseconds![m
[01:38:54] [Server thread/INFO]: [0;33;22m[ClearLag] [0;32;1mRemoved 0 Entities![m
[01:45:34] [Server thread/INFO]: [0;31;22m[ClearLag] [0;31;1mWarning Ground items will be removed in [0;37;22m60 [0;31;1mseconds![m
[01:46:14] [Server thread/INFO]: [0;31;22m[ClearLag] [0;31;1mWarning Ground items will be removed in [0;37;22m20 [0;31;1mseconds![m
[01:46:34] [Server thread/INFO]: [0;33;22m[ClearLag] [0;32;1mRemoved 0 Entities![m
[01:53:14] [Server thread/INFO]: [0;31;22m[ClearLag] [0;31;1mWarning Ground items will be removed in [0;37;22m60 [0;31;1mseconds![m
[01:53:54] [Server thread/INFO]: [0;31;22m[ClearLag] [0;31;1mWarning Ground items will be removed in [0;37;22m20 [0;31;1mseconds![m
[01:54:14] [Server thread/INFO]: [0;33;22m[ClearLag] [0;32;1mRemoved 0 Entities![m
[02:00:54] [Server thread/INFO]: [0;31;22m[ClearLag] [0;31;1mWarning Ground items will be removed in [0;37;22m60 [0;31;1mseconds![m
[02:01:34] [Server thread/INFO]: [0;31;22m[ClearLag] [0;31;1mWarning Ground items will be removed in [0;37;22m20 [0;31;1mseconds![m
[02:01:54] [Server thread/INFO]: [0;33;22m[ClearLag] [0;32;1mRemoved 0 Entities![m
[02:08:34] [Server thread/INFO]: [0;31;22m[ClearLag] [0;31;1mWarning Ground items will be removed in [0;37;22m60 [0;31;1mseconds![m
[02:09:14] [Server thread/INFO]: [0;31;22m[ClearLag] [0;31;1mWarning Ground items will be removed in [0;37;22m20 [0;31;1mseconds![m
[02:09:34] [Server thread/INFO]: [0;33;22m[ClearLag] [0;32;1mRemoved 0 Entities![m
[02:16:14] [Server thread/INFO]: [0;31;22m[ClearLag] [0;31;1mWarning Ground items will be removed in [0;37;22m60 [0;31;1mseconds![m
[02:16:54] [Server thread/INFO]: [0;31;22m[ClearLag] [0;31;1mWarning Ground items will be removed in [0;37;22m20 [0;31;1mseconds![m
[02:17:14] [Server thread/INFO]: [0;33;22m[ClearLag] [0;32;1mRemoved 0 Entities![m
[02:23:54] [Server thread/INFO]: [0;31;22m[ClearLag] [0;31;1mWarning Ground items will be removed in [0;37;22m60 [0;31;1mseconds![m
[02:24:34] [Server thread/INFO]: [0;31;22m[ClearLag] [0;31;1mWarning Ground items will be removed in [0;37;22m20 [0;31;1mseconds![m
[02:24:54] [Server thread/INFO]: [0;33;22m[ClearLag] [0;32;1mRemoved 0 Entities![m
[02:31:34] [Server thread/INFO]: [0;31;22m[ClearLag] [0;31;1mWarning Ground items will be removed in [0;37;22m60 [0;31;1mseconds![m
[02:32:14] [Server thread/INFO]: [0;31;22m[ClearLag] [0;31;1mWarning Ground items will be removed in [0;37;22m20 [0;31;1mseconds![m
[02:32:34] [Server thread/INFO]: [0;33;22m[ClearLag] [0;32;1mRemoved 0 Entities![m
[02:39:14] [Server thread/INFO]: [0;31;22m[ClearLag] [0;31;1mWarning Ground items will be removed in [0;37;22m60 [0;31;1mseconds![m
[02:39:54] [Server thread/INFO]: [0;31;22m[ClearLag] [0;31;1mWarning Ground items will be removed in [0;37;22m20 [0;31;1mseconds![m
[02:40:14] [Server thread/INFO]: [0;33;22m[ClearLag] [0;32;1mRemoved 0 Entities![m
[02:46:54] [Server thread/INFO]: [0;31;22m[ClearLag] [0;31;1mWarning Ground items will be removed in [0;37;22m60 [0;31;1mseconds![m
[02:47:34] [Server thread/INFO]: [0;31;22m[ClearLag] [0;31;1mWarning Ground items will be removed in [0;37;22m20 [0;31;1mseconds![m
[02:47:54] [Server thread/INFO]: [0;33;22m[ClearLag] [0;32;1mRemoved 0 Entities![m
[02:54:34] [Server thread/INFO]: [0;31;22m[ClearLag] [0;31;1mWarning Ground items will be removed in [0;37;22m60 [0;31;1mseconds![m
[02:55:14] [Server thread/INFO]: [0;31;22m[ClearLag] [0;31;1mWarning Ground items will be removed in [0;37;22m20 [0;31;1mseconds![m
[02:55:34] [Server thread/INFO]: [0;33;22m[ClearLag] [0;32;1mRemoved 0 Entities![m
[03:02:14] [Server thread/INFO]: [0;31;22m[ClearLag] [0;31;1mWarning Ground items will be removed in [0;37;22m60 [0;31;1mseconds![m
[03:02:54] [Server thread/INFO]: [0;31;22m[ClearLag] [0;31;1mWarning Ground items will be removed in [0;37;22m20 [0;31;1mseconds![m
[03:03:14] [Server thread/INFO]: [0;33;22m[ClearLag] [0;32;1mRemoved 0 Entities![m
[03:09:54] [Server thread/INFO]: [0;31;22m[ClearLag] [0;31;1mWarning Ground items will be removed in [0;37;22m60 [0;31;1mseconds![m
[03:10:34] [Server thread/INFO]: [0;31;22m[ClearLag] [0;31;1mWarning Ground items will be removed in [0;37;22m20 [0;31;1mseconds![m
[03:10:54] [Server thread/INFO]: [0;33;22m[ClearLag] [0;32;1mRemoved 0 Entities![m
[03:17:34] [Server thread/INFO]: [0;31;22m[ClearLag] [0;31;1mWarning Ground items will be removed in [0;37;22m60 [0;31;1mseconds![m
[03:18:14] [Server thread/INFO]: [0;31;22m[ClearLag] [0;31;1mWarning Ground items will be removed in [0;37;22m20 [0;31;1mseconds![m
[03:18:34] [Server thread/INFO]: [0;33;22m[ClearLag] [0;32;1mRemoved 0 Entities![m
[03:25:14] [Server thread/INFO]: [0;31;22m[ClearLag] [0;31;1mWarning Ground items will be removed in [0;37;22m60 [0;31;1mseconds![m
[03:25:54] [Server thread/INFO]: [0;31;22m[ClearLag] [0;31;1mWarning Ground items will be removed in [0;37;22m20 [0;31;1mseconds![m
[03:26:14] [Server thread/INFO]: [0;33;22m[ClearLag] [0;32;1mRemoved 0 Entities![m
[03:32:54] [Server thread/INFO]: [0;31;22m[ClearLag] [0;31;1mWarning Ground items will be removed in [0;37;22m60 [0;31;1mseconds![m
[03:33:34] [Server thread/INFO]: [0;31;22m[ClearLag] [0;31;1mWarning Ground items will be removed in [0;37;22m20 [0;31;1mseconds![m
[03:33:54] [Server thread/INFO]: [0;33;22m[ClearLag] [0;32;1mRemoved 0 Entities![m
[03:40:34] [Server thread/INFO]: [0;31;22m[ClearLag] [0;31;1mWarning Ground items will be removed in [0;37;22m60 [0;31;1mseconds![m
[03:41:14] [Server thread/INFO]: [0;31;22m[ClearLag] [0;31;1mWarning Ground items will be removed in [0;37;22m20 [0;31;1mseconds![m
[03:41:34] [Server thread/INFO]: [0;33;22m[ClearLag] [0;32;1mRemoved 0 Entities![m
[03:48:14] [Server thread/INFO]: [0;31;22m[ClearLag] [0;31;1mWarning Ground items will be removed in [0;37;22m60 [0;31;1mseconds![m
[03:48:54] [Server thread/INFO]: [0;31;22m[ClearLag] [0;31;1mWarning Ground items will be removed in [0;37;22m20 [0;31;1mseconds![m
[03:49:14] [Server thread/INFO]: [0;33;22m[ClearLag] [0;32;1mRemoved 0 Entities![m
[03:55:54] [Server thread/INFO]: [0;31;22m[ClearLag] [0;31;1mWarning Ground items will be removed in [0;37;22m60 [0;31;1mseconds![m
[03:56:34] [Server thread/INFO]: [0;31;22m[ClearLag] [0;31;1mWarning Ground items will be removed in [0;37;22m20 [0;31;1mseconds![m
[03:56:54] [Server thread/INFO]: [0;33;22m[ClearLag] [0;32;1mRemoved 0 Entities![m
[04:03:34] [Server thread/INFO]: [0;31;22m[ClearLag] [0;31;1mWarning Ground items will be removed in [0;37;22m60 [0;31;1mseconds![m
[04:04:14] [Server thread/INFO]: [0;31;22m[ClearLag] [0;31;1mWarning Ground items will be removed in [0;37;22m20 [0;31;1mseconds![m
[04:04:34] [Server thread/INFO]: [0;33;22m[ClearLag] [0;32;1mRemoved 0 Entities![m
[04:11:14] [Server thread/INFO]: [0;31;22m[ClearLag] [0;31;1mWarning Ground items will be removed in [0;37;22m60 [0;31;1mseconds![m
[04:11:54] [Server thread/INFO]: [0;31;22m[ClearLag] [0;31;1mWarning Ground items will be removed in [0;37;22m20 [0;31;1mseconds![m
[04:12:14] [Server thread/INFO]: [0;33;22m[ClearLag] [0;32;1mRemoved 0 Entities![m
[04:18:54] [Server thread/INFO]: [0;31;22m[ClearLag] [0;31;1mWarning Ground items will be removed in [0;37;22m60 [0;31;1mseconds![m
[04:19:34] [Server thread/INFO]: [0;31;22m[ClearLag] [0;31;1mWarning Ground items will be removed in [0;37;22m20 [0;31;1mseconds![m
[04:19:54] [Server thread/INFO]: [0;33;22m[ClearLag] [0;32;1mRemoved 0 Entities![m
[04:26:34] [Server thread/INFO]: [0;31;22m[ClearLag] [0;31;1mWarning Ground items will be removed in [0;37;22m60 [0;31;1mseconds![m
[04:27:14] [Server thread/INFO]: [0;31;22m[ClearLag] [0;31;1mWarning Ground items will be removed in [0;37;22m20 [0;31;1mseconds![m
[04:27:34] [Server thread/INFO]: [0;33;22m[ClearLag] [0;32;1mRemoved 0 Entities![m
[04:34:14] [Server thread/INFO]: [0;31;22m[ClearLag] [0;31;1mWarning Ground items will be removed in [0;37;22m60 [0;31;1mseconds![m
[04:34:54] [Server thread/INFO]: [0;31;22m[ClearLag] [0;31;1mWarning Ground items will be removed in [0;37;22m20 [0;31;1mseconds![m
[04:35:14] [Server thread/INFO]: [0;33;22m[ClearLag] [0;32;1mRemoved 0 Entities![m
[04:41:54] [Server thread/INFO]: [0;31;22m[ClearLag] [0;31;1mWarning Ground items will be removed in [0;37;22m60 [0;31;1mseconds![m
[04:42:34] [Server thread/INFO]: [0;31;22m[ClearLag] [0;31;1mWarning Ground items will be removed in [0;37;22m20 [0;31;1mseconds![m
[04:42:54] [Server thread/INFO]: [0;33;22m[ClearLag] [0;32;1mRemoved 0 Entities![m
[04:49:34] [Server thread/INFO]: [0;31;22m[ClearLag] [0;31;1mWarning Ground items will be removed in [0;37;22m60 [0;31;1mseconds![m
[04:50:14] [Server thread/INFO]: [0;31;22m[ClearLag] [0;31;1mWarning Ground items will be removed in [0;37;22m20 [0;31;1mseconds![m
[04:50:34] [Server thread/INFO]: [0;33;22m[ClearLag] [0;32;1mRemoved 0 Entities![m
[04:57:14] [Server thread/INFO]: [0;31;22m[ClearLag] [0;31;1mWarning Ground items will be removed in [0;37;22m60 [0;31;1mseconds![m
[04:57:54] [Server thread/INFO]: [0;31;22m[ClearLag] [0;31;1mWarning Ground items will be removed in [0;37;22m20 [0;31;1mseconds![m
[04:58:14] [Server thread/INFO]: [0;33;22m[ClearLag] [0;32;1mRemoved 0 Entities![m
[05:04:54] [Server thread/INFO]: [0;31;22m[ClearLag] [0;31;1mWarning Ground items will be removed in [0;37;22m60 [0;31;1mseconds![m
[05:05:34] [Server thread/INFO]: [0;31;22m[ClearLag] [0;31;1mWarning Ground items will be removed in [0;37;22m20 [0;31;1mseconds![m
[05:05:54] [Server thread/INFO]: [0;33;22m[ClearLag] [0;32;1mRemoved 0 Entities![m
[05:12:34] [Server thread/INFO]: [0;31;22m[ClearLag] [0;31;1mWarning Ground items will be removed in [0;37;22m60 [0;31;1mseconds![m
[05:13:14] [Server thread/INFO]: [0;31;22m[ClearLag] [0;31;1mWarning Ground items will be removed in [0;37;22m20 [0;31;1mseconds![m
[05:13:34] [Server thread/INFO]: [0;33;22m[ClearLag] [0;32;1mRemoved 0 Entities![m
[05:20:14] [Server thread/INFO]: [0;31;22m[ClearLag] [0;31;1mWarning Ground items will be removed in [0;37;22m60 [0;31;1mseconds![m
[05:20:54] [Server thread/INFO]: [0;31;22m[ClearLag] [0;31;1mWarning Ground items will be removed in [0;37;22m20 [0;31;1mseconds![m
[05:21:14] [Server thread/INFO]: [0;33;22m[ClearLag] [0;32;1mRemoved 0 Entities![m
[05:27:54] [Server thread/INFO]: [0;31;22m[ClearLag] [0;31;1mWarning Ground items will be removed in [0;37;22m60 [0;31;1mseconds![m
[05:28:34] [Server thread/INFO]: [0;31;22m[ClearLag] [0;31;1mWarning Ground items will be removed in [0;37;22m20 [0;31;1mseconds![m
[05:28:54] [Server thread/INFO]: [0;33;22m[ClearLag] [0;32;1mRemoved 0 Entities![m
[05:35:34] [Server thread/INFO]: [0;31;22m[ClearLag] [0;31;1mWarning Ground items will be removed in [0;37;22m60 [0;31;1mseconds![m
[05:36:14] [Server thread/INFO]: [0;31;22m[ClearLag] [0;31;1mWarning Ground items will be removed in [0;37;22m20 [0;31;1mseconds![m
[05:36:34] [Server thread/INFO]: [0;33;22m[ClearLag] [0;32;1mRemoved 0 Entities![m
[05:43:14] [Server thread/INFO]: [0;31;22m[ClearLag] [0;31;1mWarning Ground items will be removed in [0;37;22m60 [0;31;1mseconds![m
[05:43:54] [Server thread/INFO]: [0;31;22m[ClearLag] [0;31;1mWarning Ground items will be removed in [0;37;22m20 [0;31;1mseconds![m
[05:44:14] [Server thread/INFO]: [0;33;22m[ClearLag] [0;32;1mRemoved 0 Entities![m
[05:50:54] [Server thread/INFO]: [0;31;22m[ClearLag] [0;31;1mWarning Ground items will be removed in [0;37;22m60 [0;31;1mseconds![m
[05:51:34] [Server thread/INFO]: [0;31;22m[ClearLag] [0;31;1mWarning Ground items will be removed in [0;37;22m20 [0;31;1mseconds![m
[05:51:54] [Server thread/INFO]: [0;33;22m[ClearLag] [0;32;1mRemoved 0 Entities![m
[05:58:34] [Server thread/INFO]: [0;31;22m[ClearLag] [0;31;1mWarning Ground items will be removed in [0;37;22m60 [0;31;1mseconds![m
[05:59:14] [Server thread/INFO]: [0;31;22m[ClearLag] [0;31;1mWarning Ground items will be removed in [0;37;22m20 [0;31;1mseconds![m
[05:59:34] [Server thread/INFO]: [0;33;22m[ClearLag] [0;32;1mRemoved 0 Entities![m
[06:06:14] [Server thread/INFO]: [0;31;22m[ClearLag] [0;31;1mWarning Ground items will be removed in [0;37;22m60 [0;31;1mseconds![m
[06:06:54] [Server thread/INFO]: [0;31;22m[ClearLag] [0;31;1mWarning Ground items will be removed in [0;37;22m20 [0;31;1mseconds![m
[06:07:14] [Server thread/INFO]: [0;33;22m[ClearLag] [0;32;1mRemoved 0 Entities![m
[06:13:54] [Server thread/INFO]: [0;31;22m[ClearLag] [0;31;1mWarning Ground items will be removed in [0;37;22m60 [0;31;1mseconds![m
[06:14:34] [Server thread/INFO]: [0;31;22m[ClearLag] [0;31;1mWarning Ground items will be removed in [0;37;22m20 [0;31;1mseconds![m
[06:14:54] [Server thread/INFO]: [0;33;22m[ClearLag] [0;32;1mRemoved 0 Entities![m
[06:21:34] [Server thread/INFO]: [0;31;22m[ClearLag] [0;31;1mWarning Ground items will be removed in [0;37;22m60 [0;31;1mseconds![m
[06:22:14] [Server thread/INFO]: [0;31;22m[ClearLag] [0;31;1mWarning Ground items will be removed in [0;37;22m20 [0;31;1mseconds![m
[06:22:34] [Server thread/INFO]: [0;33;22m[ClearLag] [0;32;1mRemoved 0 Entities![m
[06:29:14] [Server thread/INFO]: [0;31;22m[ClearLag] [0;31;1mWarning Ground items will be removed in [0;37;22m60 [0;31;1mseconds![m
[06:29:54] [Server thread/INFO]: [0;31;22m[ClearLag] [0;31;1mWarning Ground items will be removed in [0;37;22m20 [0;31;1mseconds![m
[06:30:14] [Server thread/INFO]: [0;33;22m[ClearLag] [0;32;1mRemoved 0 Entities![m
[06:36:54] [Server thread/INFO]: [0;31;22m[ClearLag] [0;31;1mWarning Ground items will be removed in [0;37;22m60 [0;31;1mseconds![m
[06:37:34] [Server thread/INFO]: [0;31;22m[ClearLag] [0;31;1mWarning Ground items will be removed in [0;37;22m20 [0;31;1mseconds![m
[06:37:54] [Server thread/INFO]: [0;33;22m[ClearLag] [0;32;1mRemoved 0 Entities![m
[06:44:34] [Server thread/INFO]: [0;31;22m[ClearLag] [0;31;1mWarning Ground items will be removed in [0;37;22m60 [0;31;1mseconds![m
[06:45:14] [Server thread/INFO]: [0;31;22m[ClearLag] [0;31;1mWarning Ground items will be removed in [0;37;22m20 [0;31;1mseconds![m
[06:45:34] [Server thread/INFO]: [0;33;22m[ClearLag] [0;32;1mRemoved 0 Entities![m
[06:52:14] [Server thread/INFO]: [0;31;22m[ClearLag] [0;31;1mWarning Ground items will be removed in [0;37;22m60 [0;31;1mseconds![m
[06:52:54] [Server thread/INFO]: [0;31;22m[ClearLag] [0;31;1mWarning Ground items will be removed in [0;37;22m20 [0;31;1mseconds![m
[06:53:14] [Server thread/INFO]: [0;33;22m[ClearLag] [0;32;1mRemoved 0 Entities![m
[06:59:54] [Server thread/INFO]: [0;31;22m[ClearLag] [0;31;1mWarning Ground items will be removed in [0;37;22m60 [0;31;1mseconds![m
[07:00:34] [Server thread/INFO]: [0;31;22m[ClearLag] [0;31;1mWarning Ground items will be removed in [0;37;22m20 [0;31;1mseconds![m
[07:00:54] [Server thread/INFO]: [0;33;22m[ClearLag] [0;32;1mRemoved 0 Entities![m
[07:07:34] [Server thread/INFO]: [0;31;22m[ClearLag] [0;31;1mWarning Ground items will be removed in [0;37;22m60 [0;31;1mseconds![m
[07:08:14] [Server thread/INFO]: [0;31;22m[ClearLag] [0;31;1mWarning Ground items will be removed in [0;37;22m20 [0;31;1mseconds![m
[07:08:34] [Server thread/INFO]: [0;33;22m[ClearLag] [0;32;1mRemoved 0 Entities![m
[07:15:14] [Server thread/INFO]: [0;31;22m[ClearLag] [0;31;1mWarning Ground items will be removed in [0;37;22m60 [0;31;1mseconds![m
[07:15:54] [Server thread/INFO]: [0;31;22m[ClearLag] [0;31;1mWarning Ground items will be removed in [0;37;22m20 [0;31;1mseconds![m
[07:16:14] [Server thread/INFO]: [0;33;22m[ClearLag] [0;32;1mRemoved 0 Entities![m
[07:22:54] [Server thread/INFO]: [0;31;22m[ClearLag] [0;31;1mWarning Ground items will be removed in [0;37;22m60 [0;31;1mseconds![m
[07:23:14] [pool-3-thread-6/INFO]: [Vault] Checking for Updates ... 
[07:23:14] [pool-3-thread-6/INFO]: [Vault] No new version available
[07:23:34] [Server thread/INFO]: [0;31;22m[ClearLag] [0;31;1mWarning Ground items will be removed in [0;37;22m20 [0;31;1mseconds![m
[07:23:54] [Server thread/INFO]: [0;33;22m[ClearLag] [0;32;1mRemoved 0 Entities![m
[07:30:34] [Server thread/INFO]: [0;31;22m[ClearLag] [0;31;1mWarning Ground items will be removed in [0;37;22m60 [0;31;1mseconds![m
[07:31:14] [Server thread/INFO]: [0;31;22m[ClearLag] [0;31;1mWarning Ground items will be removed in [0;37;22m20 [0;31;1mseconds![m
[07:31:34] [Server thread/INFO]: [0;33;22m[ClearLag] [0;32;1mRemoved 0 Entities![m
[07:38:14] [Server thread/INFO]: [0;31;22m[ClearLag] [0;31;1mWarning Ground items will be removed in [0;37;22m60 [0;31;1mseconds![m
[07:38:54] [Server thread/INFO]: [0;31;22m[ClearLag] [0;31;1mWarning Ground items will be removed in [0;37;22m20 [0;31;1mseconds![m
[07:39:14] [Server thread/INFO]: [0;33;22m[ClearLag] [0;32;1mRemoved 0 Entities![m
[07:45:54] [Server thread/INFO]: [0;31;22m[ClearLag] [0;31;1mWarning Ground items will be removed in [0;37;22m60 [0;31;1mseconds![m
[07:46:34] [Server thread/INFO]: [0;31;22m[ClearLag] [0;31;1mWarning Ground items will be removed in [0;37;22m20 [0;31;1mseconds![m
[07:46:54] [Server thread/INFO]: [0;33;22m[ClearLag] [0;32;1mRemoved 0 Entities![m
[07:53:34] [Server thread/INFO]: [0;31;22m[ClearLag] [0;31;1mWarning Ground items will be removed in [0;37;22m60 [0;31;1mseconds![m
[07:54:14] [Server thread/INFO]: [0;31;22m[ClearLag] [0;31;1mWarning Ground items will be removed in [0;37;22m20 [0;31;1mseconds![m
[07:54:34] [Server thread/INFO]: [0;33;22m[ClearLag] [0;32;1mRemoved 0 Entities![m
[08:01:14] [Server thread/INFO]: [0;31;22m[ClearLag] [0;31;1mWarning Ground items will be removed in [0;37;22m60 [0;31;1mseconds![m
[08:01:54] [Server thread/INFO]: [0;31;22m[ClearLag] [0;31;1mWarning Ground items will be removed in [0;37;22m20 [0;31;1mseconds![m
[08:02:14] [Server thread/INFO]: [0;33;22m[ClearLag] [0;32;1mRemoved 0 Entities![m
[08:08:54] [Server thread/INFO]: [0;31;22m[ClearLag] [0;31;1mWarning Ground items will be removed in [0;37;22m60 [0;31;1mseconds![m
[08:09:34] [Server thread/INFO]: [0;31;22m[ClearLag] [0;31;1mWarning Ground items will be removed in [0;37;22m20 [0;31;1mseconds![m
[08:09:54] [Server thread/INFO]: [0;33;22m[ClearLag] [0;32;1mRemoved 0 Entities![m
[08:16:34] [Server thread/INFO]: [0;31;22m[ClearLag] [0;31;1mWarning Ground items will be removed in [0;37;22m60 [0;31;1mseconds![m
[08:17:14] [Server thread/INFO]: [0;31;22m[ClearLag] [0;31;1mWarning Ground items will be removed in [0;37;22m20 [0;31;1mseconds![m
[08:17:34] [Server thread/INFO]: [0;33;22m[ClearLag] [0;32;1mRemoved 0 Entities![m
[08:24:14] [Server thread/INFO]: [0;31;22m[ClearLag] [0;31;1mWarning Ground items will be removed in [0;37;22m60 [0;31;1mseconds![m
[08:24:54] [Server thread/INFO]: [0;31;22m[ClearLag] [0;31;1mWarning Ground items will be removed in [0;37;22m20 [0;31;1mseconds![m
[08:25:14] [Server thread/INFO]: [0;33;22m[ClearLag] [0;32;1mRemoved 0 Entities![m
[08:31:54] [Server thread/INFO]: [0;31;22m[ClearLag] [0;31;1mWarning Ground items will be removed in [0;37;22m60 [0;31;1mseconds![m
[08:32:34] [Server thread/INFO]: [0;31;22m[ClearLag] [0;31;1mWarning Ground items will be removed in [0;37;22m20 [0;31;1mseconds![m
[08:32:54] [Server thread/INFO]: [0;33;22m[ClearLag] [0;32;1mRemoved 0 Entities![m
[08:39:34] [Server thread/INFO]: [0;31;22m[ClearLag] [0;31;1mWarning Ground items will be removed in [0;37;22m60 [0;31;1mseconds![m
[08:40:14] [Server thread/INFO]: [0;31;22m[ClearLag] [0;31;1mWarning Ground items will be removed in [0;37;22m20 [0;31;1mseconds![m
[08:40:34] [Server thread/INFO]: [0;33;22m[ClearLag] [0;32;1mRemoved 0 Entities![m
[08:47:14] [Server thread/INFO]: [0;31;22m[ClearLag] [0;31;1mWarning Ground items will be removed in [0;37;22m60 [0;31;1mseconds![m
[08:47:54] [Server thread/INFO]: [0;31;22m[ClearLag] [0;31;1mWarning Ground items will be removed in [0;37;22m20 [0;31;1mseconds![m
[08:48:14] [Server thread/INFO]: [0;33;22m[ClearLag] [0;32;1mRemoved 0 Entities![m
[08:54:54] [Server thread/INFO]: [0;31;22m[ClearLag] [0;31;1mWarning Ground items will be removed in [0;37;22m60 [0;31;1mseconds![m
[08:55:34] [Server thread/INFO]: [0;31;22m[ClearLag] [0;31;1mWarning Ground items will be removed in [0;37;22m20 [0;31;1mseconds![m
[08:55:54] [Server thread/INFO]: [0;33;22m[ClearLag] [0;32;1mRemoved 0 Entities![m
[09:02:34] [Server thread/INFO]: [0;31;22m[ClearLag] [0;31;1mWarning Ground items will be removed in [0;37;22m60 [0;31;1mseconds![m
[09:03:14] [Server thread/INFO]: [0;31;22m[ClearLag] [0;31;1mWarning Ground items will be removed in [0;37;22m20 [0;31;1mseconds![m
[09:03:34] [Server thread/INFO]: [0;33;22m[ClearLag] [0;32;1mRemoved 0 Entities![m
[09:10:14] [Server thread/INFO]: [0;31;22m[ClearLag] [0;31;1mWarning Ground items will be removed in [0;37;22m60 [0;31;1mseconds![m
[09:10:54] [Server thread/INFO]: [0;31;22m[ClearLag] [0;31;1mWarning Ground items will be removed in [0;37;22m20 [0;31;1mseconds![m
[09:11:14] [Server thread/INFO]: [0;33;22m[ClearLag] [0;32;1mRemoved 0 Entities![m
[09:17:54] [Server thread/INFO]: [0;31;22m[ClearLag] [0;31;1mWarning Ground items will be removed in [0;37;22m60 [0;31;1mseconds![m
[09:18:34] [Server thread/INFO]: [0;31;22m[ClearLag] [0;31;1mWarning Ground items will be removed in [0;37;22m20 [0;31;1mseconds![m
[09:18:54] [Server thread/INFO]: [0;33;22m[ClearLag] [0;32;1mRemoved 0 Entities![m
[09:25:34] [Server thread/INFO]: [0;31;22m[ClearLag] [0;31;1mWarning Ground items will be removed in [0;37;22m60 [0;31;1mseconds![m
[09:26:14] [Server thread/INFO]: [0;31;22m[ClearLag] [0;31;1mWarning Ground items will be removed in [0;37;22m20 [0;31;1mseconds![m
[09:26:34] [Server thread/INFO]: [0;33;22m[ClearLag] [0;32;1mRemoved 0 Entities![m
[09:33:14] [Server thread/INFO]: [0;31;22m[ClearLag] [0;31;1mWarning Ground items will be removed in [0;37;22m60 [0;31;1mseconds![m
[09:33:54] [Server thread/INFO]: [0;31;22m[ClearLag] [0;31;1mWarning Ground items will be removed in [0;37;22m20 [0;31;1mseconds![m
[09:34:14] [Server thread/INFO]: [0;33;22m[ClearLag] [0;32;1mRemoved 0 Entities![m
[09:40:54] [Server thread/INFO]: [0;31;22m[ClearLag] [0;31;1mWarning Ground items will be removed in [0;37;22m60 [0;31;1mseconds![m
[09:41:34] [Server thread/INFO]: [0;31;22m[ClearLag] [0;31;1mWarning Ground items will be removed in [0;37;22m20 [0;31;1mseconds![m
[09:41:54] [Server thread/INFO]: [0;33;22m[ClearLag] [0;32;1mRemoved 0 Entities![m
[09:48:34] [Server thread/INFO]: [0;31;22m[ClearLag] [0;31;1mWarning Ground items will be removed in [0;37;22m60 [0;31;1mseconds![m
[09:49:14] [Server thread/INFO]: [0;31;22m[ClearLag] [0;31;1mWarning Ground items will be removed in [0;37;22m20 [0;31;1mseconds![m
[09:49:34] [Server thread/INFO]: [0;33;22m[ClearLag] [0;32;1mRemoved 0 Entities![m
[09:56:14] [Server thread/INFO]: [0;31;22m[ClearLag] [0;31;1mWarning Ground items will be removed in [0;37;22m60 [0;31;1mseconds![m
[09:56:54] [Server thread/INFO]: [0;31;22m[ClearLag] [0;31;1mWarning Ground items will be removed in [0;37;22m20 [0;31;1mseconds![m
[09:57:14] [Server thread/INFO]: [0;33;22m[ClearLag] [0;32;1mRemoved 0 Entities![m
[10:03:54] [Server thread/INFO]: [0;31;22m[ClearLag] [0;31;1mWarning Ground items will be removed in [0;37;22m60 [0;31;1mseconds![m
[10:04:34] [Server thread/INFO]: [0;31;22m[ClearLag] [0;31;1mWarning Ground items will be removed in [0;37;22m20 [0;31;1mseconds![m
[10:04:54] [Server thread/INFO]: [0;33;22m[ClearLag] [0;32;1mRemoved 0 Entities![m
[10:11:34] [Server thread/INFO]: [0;31;22m[ClearLag] [0;31;1mWarning Ground items will be removed in [0;37;22m60 [0;31;1mseconds![m
[10:12:14] [Server thread/INFO]: [0;31;22m[ClearLag] [0;31;1mWarning Ground items will be removed in [0;37;22m20 [0;31;1mseconds![m
[10:12:34] [Server thread/INFO]: [0;33;22m[ClearLag] [0;32;1mRemoved 0 Entities![m
[10:19:14] [Server thread/INFO]: [0;31;22m[ClearLag] [0;31;1mWarning Ground items will be removed in [0;37;22m60 [0;31;1mseconds![m
[10:19:54] [Server thread/INFO]: [0;31;22m[ClearLag] [0;31;1mWarning Ground items will be removed in [0;37;22m20 [0;31;1mseconds![m
[10:20:14] [Server thread/INFO]: [0;33;22m[ClearLag] [0;32;1mRemoved 0 Entities![m
[10:26:54] [Server thread/INFO]: [0;31;22m[ClearLag] [0;31;1mWarning Ground items will be removed in [0;37;22m60 [0;31;1mseconds![m
[10:27:34] [Server thread/INFO]: [0;31;22m[ClearLag] [0;31;1mWarning Ground items will be removed in [0;37;22m20 [0;31;1mseconds![m
[10:27:54] [Server thread/INFO]: [0;33;22m[ClearLag] [0;32;1mRemoved 0 Entities![m
[10:34:34] [Server thread/INFO]: [0;31;22m[ClearLag] [0;31;1mWarning Ground items will be removed in [0;37;22m60 [0;31;1mseconds![m
[10:35:14] [Server thread/INFO]: [0;31;22m[ClearLag] [0;31;1mWarning Ground items will be removed in [0;37;22m20 [0;31;1mseconds![m
[10:35:34] [Server thread/INFO]: [0;33;22m[ClearLag] [0;32;1mRemoved 0 Entities![m
[10:42:14] [Server thread/INFO]: [0;31;22m[ClearLag] [0;31;1mWarning Ground items will be removed in [0;37;22m60 [0;31;1mseconds![m
[10:42:54] [Server thread/INFO]: [0;31;22m[ClearLag] [0;31;1mWarning Ground items will be removed in [0;37;22m20 [0;31;1mseconds![m
[10:43:14] [Server thread/INFO]: [0;33;22m[ClearLag] [0;32;1mRemoved 0 Entities![m
[10:49:54] [Server thread/INFO]: [0;31;22m[ClearLag] [0;31;1mWarning Ground items will be removed in [0;37;22m60 [0;31;1mseconds![m
[10:50:34] [Server thread/INFO]: [0;31;22m[ClearLag] [0;31;1mWarning Ground items will be removed in [0;37;22m20 [0;31;1mseconds![m
[10:50:54] [Server thread/INFO]: [0;33;22m[ClearLag] [0;32;1mRemoved 0 Entities![m
[10:57:34] [Server thread/INFO]: [0;31;22m[ClearLag] [0;31;1mWarning Ground items will be removed in [0;37;22m60 [0;31;1mseconds![m
[10:58:14] [Server thread/INFO]: [0;31;22m[ClearLag] [0;31;1mWarning Ground items will be removed in [0;37;22m20 [0;31;1mseconds![m
[10:58:34] [Server thread/INFO]: [0;33;22m[ClearLag] [0;32;1mRemoved 0 Entities![m
[11:05:14] [Server thread/INFO]: [0;31;22m[ClearLag] [0;31;1mWarning Ground items will be removed in [0;37;22m60 [0;31;1mseconds![m
[11:05:54] [Server thread/INFO]: [0;31;22m[ClearLag] [0;31;1mWarning Ground items will be removed in [0;37;22m20 [0;31;1mseconds![m
[11:06:14] [Server thread/INFO]: [0;33;22m[ClearLag] [0;32;1mRemoved 0 Entities![m
[11:12:54] [Server thread/INFO]: [0;31;22m[ClearLag] [0;31;1mWarning Ground items will be removed in [0;37;22m60 [0;31;1mseconds![m
[11:13:34] [Server thread/INFO]: [0;31;22m[ClearLag] [0;31;1mWarning Ground items will be removed in [0;37;22m20 [0;31;1mseconds![m
[11:13:54] [Server thread/INFO]: [0;33;22m[ClearLag] [0;32;1mRemoved 0 Entities![m
[11:20:34] [Server thread/INFO]: [0;31;22m[ClearLag] [0;31;1mWarning Ground items will be removed in [0;37;22m60 [0;31;1mseconds![m
[11:21:14] [Server thread/INFO]: [0;31;22m[ClearLag] [0;31;1mWarning Ground items will be removed in [0;37;22m20 [0;31;1mseconds![m
[11:21:34] [Server thread/INFO]: [0;33;22m[ClearLag] [0;32;1mRemoved 0 Entities![m
[11:28:14] [Server thread/INFO]: [0;31;22m[ClearLag] [0;31;1mWarning Ground items will be removed in [0;37;22m60 [0;31;1mseconds![m
[11:28:54] [Server thread/INFO]: [0;31;22m[ClearLag] [0;31;1mWarning Ground items will be removed in [0;37;22m20 [0;31;1mseconds![m
[11:29:14] [Server thread/INFO]: [0;33;22m[ClearLag] [0;32;1mRemoved 0 Entities![m
[11:35:54] [Server thread/INFO]: [0;31;22m[ClearLag] [0;31;1mWarning Ground items will be removed in [0;37;22m60 [0;31;1mseconds![m
[11:36:34] [Server thread/INFO]: [0;31;22m[ClearLag] [0;31;1mWarning Ground items will be removed in [0;37;22m20 [0;31;1mseconds![m
[11:36:54] [Server thread/INFO]: [0;33;22m[ClearLag] [0;32;1mRemoved 0 Entities![m
[11:43:34] [Server thread/INFO]: [0;31;22m[ClearLag] [0;31;1mWarning Ground items will be removed in [0;37;22m60 [0;31;1mseconds![m
[11:44:14] [Server thread/INFO]: [0;31;22m[ClearLag] [0;31;1mWarning Ground items will be removed in [0;37;22m20 [0;31;1mseconds![m
[11:44:34] [Server thread/INFO]: [0;33;22m[ClearLag] [0;32;1mRemoved 0 Entities![m
[11:51:14] [Server thread/INFO]: [0;31;22m[ClearLag] [0;31;1mWarning Ground items will be removed in [0;37;22m60 [0;31;1mseconds![m
[11:51:54] [Server thread/INFO]: [0;31;22m[ClearLag] [0;31;1mWarning Ground items will be removed in [0;37;22m20 [0;31;1mseconds![m
[11:52:14] [Server thread/INFO]: [0;33;22m[ClearLag] [0;32;1mRemoved 0 Entities![m
[11:58:54] [Server thread/INFO]: [0;31;22m[ClearLag] [0;31;1mWarning Ground items will be removed in [0;37;22m60 [0;31;1mseconds![m
[11:59:34] [Server thread/INFO]: [0;31;22m[ClearLag] [0;31;1mWarning Ground items will be removed in [0;37;22m20 [0;31;1mseconds![m
[11:59:54] [Server thread/INFO]: [0;33;22m[ClearLag] [0;32;1mRemoved 0 Entities![m
[12:06:34] [Server thread/INFO]: [0;31;22m[ClearLag] [0;31;1mWarning Ground items will be removed in [0;37;22m60 [0;31;1mseconds![m
[12:07:14] [Server thread/INFO]: [0;31;22m[ClearLag] [0;31;1mWarning Ground items will be removed in [0;37;22m20 [0;31;1mseconds![m
[12:07:34] [Server thread/INFO]: [0;33;22m[ClearLag] [0;32;1mRemoved 0 Entities![m
[12:14:14] [Server thread/INFO]: [0;31;22m[ClearLag] [0;31;1mWarning Ground items will be removed in [0;37;22m60 [0;31;1mseconds![m
[12:14:54] [Server thread/INFO]: [0;31;22m[ClearLag] [0;31;1mWarning Ground items will be removed in [0;37;22m20 [0;31;1mseconds![m
[12:15:14] [Server thread/INFO]: [0;33;22m[ClearLag] [0;32;1mRemoved 0 Entities![m
[12:21:54] [Server thread/INFO]: [0;31;22m[ClearLag] [0;31;1mWarning Ground items will be removed in [0;37;22m60 [0;31;1mseconds![m
[12:22:34] [Server thread/INFO]: [0;31;22m[ClearLag] [0;31;1mWarning Ground items will be removed in [0;37;22m20 [0;31;1mseconds![m
[12:22:54] [Server thread/INFO]: [0;33;22m[ClearLag] [0;32;1mRemoved 0 Entities![m
[12:29:34] [Server thread/INFO]: [0;31;22m[ClearLag] [0;31;1mWarning Ground items will be removed in [0;37;22m60 [0;31;1mseconds![m
[12:30:14] [Server thread/INFO]: [0;31;22m[ClearLag] [0;31;1mWarning Ground items will be removed in [0;37;22m20 [0;31;1mseconds![m
[12:30:34] [Server thread/INFO]: [0;33;22m[ClearLag] [0;32;1mRemoved 0 Entities![m
[12:37:14] [Server thread/INFO]: [0;31;22m[ClearLag] [0;31;1mWarning Ground items will be removed in [0;37;22m60 [0;31;1mseconds![m
[12:37:54] [Server thread/INFO]: [0;31;22m[ClearLag] [0;31;1mWarning Ground items will be removed in [0;37;22m20 [0;31;1mseconds![m
[12:38:14] [Server thread/INFO]: [0;33;22m[ClearLag] [0;32;1mRemoved 0 Entities![m
[12:44:54] [Server thread/INFO]: [0;31;22m[ClearLag] [0;31;1mWarning Ground items will be removed in [0;37;22m60 [0;31;1mseconds![m
[12:45:34] [Server thread/INFO]: [0;31;22m[ClearLag] [0;31;1mWarning Ground items will be removed in [0;37;22m20 [0;31;1mseconds![m
[12:45:54] [Server thread/INFO]: [0;33;22m[ClearLag] [0;32;1mRemoved 0 Entities![m
[12:52:34] [Server thread/INFO]: [0;31;22m[ClearLag] [0;31;1mWarning Ground items will be removed in [0;37;22m60 [0;31;1mseconds![m
[12:53:14] [Server thread/INFO]: [0;31;22m[ClearLag] [0;31;1mWarning Ground items will be removed in [0;37;22m20 [0;31;1mseconds![m
[12:53:34] [Server thread/INFO]: [0;33;22m[ClearLag] [0;32;1mRemoved 0 Entities![m
[13:00:14] [Server thread/INFO]: [0;31;22m[ClearLag] [0;31;1mWarning Ground items will be removed in [0;37;22m60 [0;31;1mseconds![m
[13:00:54] [Server thread/INFO]: [0;31;22m[ClearLag] [0;31;1mWarning Ground items will be removed in [0;37;22m20 [0;31;1mseconds![m
[13:01:14] [Server thread/INFO]: [0;33;22m[ClearLag] [0;32;1mRemoved 0 Entities![m
[13:07:54] [Server thread/INFO]: [0;31;22m[ClearLag] [0;31;1mWarning Ground items will be removed in [0;37;22m60 [0;31;1mseconds![m
[13:08:34] [Server thread/INFO]: [0;31;22m[ClearLag] [0;31;1mWarning Ground items will be removed in [0;37;22m20 [0;31;1mseconds![m
[13:08:54] [Server thread/INFO]: [0;33;22m[ClearLag] [0;32;1mRemoved 0 Entities![m
[13:15:34] [Server thread/INFO]: [0;31;22m[ClearLag] [0;31;1mWarning Ground items will be removed in [0;37;22m60 [0;31;1mseconds![m
[13:16:14] [Server thread/INFO]: [0;31;22m[ClearLag] [0;31;1mWarning Ground items will be removed in [0;37;22m20 [0;31;1mseconds![m
[13:16:34] [Server thread/INFO]: [0;33;22m[ClearLag] [0;32;1mRemoved 0 Entities![m
[13:23:14] [Server thread/INFO]: [0;31;22m[ClearLag] [0;31;1mWarning Ground items will be removed in [0;37;22m60 [0;31;1mseconds![m
[13:23:14] [pool-3-thread-7/INFO]: [Vault] Checking for Updates ... 
[13:23:14] [pool-3-thread-7/INFO]: [Vault] No new version available
[13:23:54] [Server thread/INFO]: [0;31;22m[ClearLag] [0;31;1mWarning Ground items will be removed in [0;37;22m20 [0;31;1mseconds![m
[13:24:14] [Server thread/INFO]: [0;33;22m[ClearLag] [0;32;1mRemoved 0 Entities![m
[13:30:54] [Server thread/INFO]: [0;31;22m[ClearLag] [0;31;1mWarning Ground items will be removed in [0;37;22m60 [0;31;1mseconds![m
[13:31:34] [Server thread/INFO]: [0;31;22m[ClearLag] [0;31;1mWarning Ground items will be removed in [0;37;22m20 [0;31;1mseconds![m
[13:31:54] [Server thread/INFO]: [0;33;22m[ClearLag] [0;32;1mRemoved 0 Entities![m
[13:38:34] [Server thread/INFO]: [0;31;22m[ClearLag] [0;31;1mWarning Ground items will be removed in [0;37;22m60 [0;31;1mseconds![m
[13:39:14] [Server thread/INFO]: [0;31;22m[ClearLag] [0;31;1mWarning Ground items will be removed in [0;37;22m20 [0;31;1mseconds![m
[13:39:34] [Server thread/INFO]: [0;33;22m[ClearLag] [0;32;1mRemoved 0 Entities![m
[13:46:14] [Server thread/INFO]: [0;31;22m[ClearLag] [0;31;1mWarning Ground items will be removed in [0;37;22m60 [0;31;1mseconds![m
[13:46:54] [Server thread/INFO]: [0;31;22m[ClearLag] [0;31;1mWarning Ground items will be removed in [0;37;22m20 [0;31;1mseconds![m
[13:47:14] [Server thread/INFO]: [0;33;22m[ClearLag] [0;32;1mRemoved 0 Entities![m
[13:53:54] [Server thread/INFO]: [0;31;22m[ClearLag] [0;31;1mWarning Ground items will be removed in [0;37;22m60 [0;31;1mseconds![m
[13:54:34] [Server thread/INFO]: [0;31;22m[ClearLag] [0;31;1mWarning Ground items will be removed in [0;37;22m20 [0;31;1mseconds![m
[13:54:54] [Server thread/INFO]: [0;33;22m[ClearLag] [0;32;1mRemoved 0 Entities![m
[14:01:34] [Server thread/INFO]: [0;31;22m[ClearLag] [0;31;1mWarning Ground items will be removed in [0;37;22m60 [0;31;1mseconds![m
[14:02:14] [Server thread/INFO]: [0;31;22m[ClearLag] [0;31;1mWarning Ground items will be removed in [0;37;22m20 [0;31;1mseconds![m
[14:02:34] [Server thread/INFO]: [0;33;22m[ClearLag] [0;32;1mRemoved 0 Entities![m
[14:09:14] [Server thread/INFO]: [0;31;22m[ClearLag] [0;31;1mWarning Ground items will be removed in [0;37;22m60 [0;31;1mseconds![m
[14:09:54] [Server thread/INFO]: [0;31;22m[ClearLag] [0;31;1mWarning Ground items will be removed in [0;37;22m20 [0;31;1mseconds![m
[14:10:14] [Server thread/INFO]: [0;33;22m[ClearLag] [0;32;1mRemoved 0 Entities![m
[14:16:54] [Server thread/INFO]: [0;31;22m[ClearLag] [0;31;1mWarning Ground items will be removed in [0;37;22m60 [0;31;1mseconds![m
[14:17:34] [Server thread/INFO]: [0;31;22m[ClearLag] [0;31;1mWarning Ground items will be removed in [0;37;22m20 [0;31;1mseconds![m
[14:17:54] [Server thread/INFO]: [0;33;22m[ClearLag] [0;32;1mRemoved 0 Entities![m
[14:24:34] [Server thread/INFO]: [0;31;22m[ClearLag] [0;31;1mWarning Ground items will be removed in [0;37;22m60 [0;31;1mseconds![m
[14:25:14] [Server thread/INFO]: [0;31;22m[ClearLag] [0;31;1mWarning Ground items will be removed in [0;37;22m20 [0;31;1mseconds![m
[14:25:34] [Server thread/INFO]: [0;33;22m[ClearLag] [0;32;1mRemoved 0 Entities![m
[14:32:14] [Server thread/INFO]: [0;31;22m[ClearLag] [0;31;1mWarning Ground items will be removed in [0;37;22m60 [0;31;1mseconds![m
[14:32:54] [Server thread/INFO]: [0;31;22m[ClearLag] [0;31;1mWarning Ground items will be removed in [0;37;22m20 [0;31;1mseconds![m
[14:33:14] [Server thread/INFO]: [0;33;22m[ClearLag] [0;32;1mRemoved 0 Entities![m
[14:39:54] [Server thread/INFO]: [0;31;22m[ClearLag] [0;31;1mWarning Ground items will be removed in [0;37;22m60 [0;31;1mseconds![m
[14:40:34] [Server thread/INFO]: [0;31;22m[ClearLag] [0;31;1mWarning Ground items will be removed in [0;37;22m20 [0;31;1mseconds![m
[14:40:54] [Server thread/INFO]: [0;33;22m[ClearLag] [0;32;1mRemoved 0 Entities![m
